<?xml version="1.0" encoding="UTF-8"?>
<!-- Generated by org.testng.reporters.JUnitReportReporter -->
<testsuite hostname="Nabitos-MacBook-Pro.local" name="com.dadfha.lod.csv.testng.SchemaProcessorTest" tests="2" failures="0" timestamp="23 Sep 2016 15:29:44 GMT" time="9.344" errors="0">
  <testcase name="ukTelecom" time="1.844" classname="com.dadfha.lod.csv.testng.SchemaProcessorTest"/>
  <testcase name="airP" time="7.500" classname="com.dadfha.lod.csv.testng.SchemaProcessorTest"/>
</testsuite> <!-- com.dadfha.lod.csv.testng.SchemaProcessorTest -->
